Arguments: 
  C:\Program Files\nodejs\node.exe C:\Users\KK TECH\AppData\Roaming\npm\node_modules\yarn\bin\yarn.js install

PATH: 
  C:\Python310\Scripts\;C:\Python310\;C:\Windows\system32;C:\Windows;C:\Windows\System32\Wbem;C:\Windows\System32\WindowsPowerShell\v1.0\;C:\Windows\System32\OpenSSH\;C:\ProgramData\chocolatey\bin;C:\Program Files\nodejs\;C:\Program Files\OpenJDK\openjdk-11.0.13_8\bin;C:\Program Files\Git\cmd;C:\Users\KK TECH\AppData\Local\Microsoft\WindowsApps;C:\Users\KK TECH\AppData\Roaming\npm;C:\Users\KK TECH\AppData\Local\Android\Sdk\platform-tools;;C:\Users\KK TECH\AppData\Local\Programs\Microsoft VS Code\bin

Yarn version: 
  1.22.17

Node version: 
  16.14.0

Platform: 
  win32 x64

Trace: 
  Error: getaddrinfo ENOTFOUND registry.yarnpkg.com
      at GetAddrInfoReqWrap.onlookup [as oncomplete] (node:dns:71:26)

npm manifest: 
  {
    "name": "rest-api",
    "version": "1.0.0",
    "main": "server.js",
    "scripts": {
      "dev": "nodemon -r esm server.js",
      "start": "node -r esm server.js"
    },
    "author": "Mirza Nouman",
    "license": "MIT",
    "engines": {
      "node": "16.14.0"
    },
    "dependencies": {
      "@sendgrid/mail": "^7.6.1",
      "babel-jest": "^27.5.1",
      "bcrypt": "^5.0.1",
      "concurrently": "^7.0.0",
      "cors": "^2.8.5",
      "dotenv": "^10.0.0",
      "esm": "^3.2.25",
      "express": "^4.17.1",
      "googleapis": "^95.0.0",
      "i": "^0.3.7",
      "joi": "^17.4.0",
      "jsonwebtoken": "^8.5.1",
      "moment": "^2.29.1",
      "mongoose": "^5.12.14",
      "multer": "^1.4.2",
      "nodemailer": "^6.7.2",
      "path": "^0.12.7",
      "react-scripts": "^5.0.0",
      "socket.io": "^4.4.1",
      "yarn": "^1.22.17"
    },
    "devDependencies": {
      "nodemon": "^2.0.7"
    }
  }

yarn manifest: 
  No manifest

Lockfile: 
  No lockfile
